<?xml version="1.0" encoding="UTF-8"?>
<!-- Generated by org.testng.reporters.JUnitReportReporter -->
<testsuite hostname="LAPTOP-B411VHKO" failures="0" tests="2" name="mvnpack.TestngOptn" time="6.827" errors="0" timestamp="2023-09-15T12:15:53 IST" skipped="0">
  <testcase classname="mvnpack.TestngOptn" name="sampleMethodone" time="4.100"/>
  <testcase classname="mvnpack.TestngOptn" name="sampleMethod" time="2.727"/>
</testsuite> <!-- mvnpack.TestngOptn -->
